[debug] [2025-03-23T04:29:19.227Z] ----------------------------------------------------------------------
[debug] [2025-03-23T04:29:19.229Z] Command:       C:\nvm4w\nodejs\node.exe C:\nvm4w\nodejs\node_modules\firebase-tools\lib\bin\firebase.js login
[debug] [2025-03-23T04:29:19.229Z] CLI Version:   13.35.1
[debug] [2025-03-23T04:29:19.229Z] Platform:      win32
[debug] [2025-03-23T04:29:19.229Z] Node Version:  v22.14.0
[debug] [2025-03-23T04:29:19.230Z] Time:          Sun Mar 23 2025 11:29:19 GMT+0700 (Indochina Time)
[debug] [2025-03-23T04:29:19.230Z] ----------------------------------------------------------------------
[debug] 
[debug] [2025-03-23T04:29:19.259Z] >>> [apiv2][query] GET https://firebase-public.firebaseio.com/cli.json [none]
[info] i  Firebase optionally collects CLI and Emulator Suite usage and error reporting information to help improve our products. Data is collected in accordance with Google's privacy policy (https://policies.google.com/privacy) and is not used to identify you.
 
[debug] [2025-03-23T04:29:19.969Z] <<< [apiv2][status] GET https://firebase-public.firebaseio.com/cli.json 200
[debug] [2025-03-23T04:29:19.970Z] <<< [apiv2][body] GET https://firebase-public.firebaseio.com/cli.json {"cloudBuildErrorAfter":1594252800000,"cloudBuildWarnAfter":1590019200000,"defaultNode10After":1594252800000,"minVersion":"3.0.5","node8DeploysDisabledAfter":1613390400000,"node8RuntimeDisabledAfter":1615809600000,"node8WarnAfter":1600128000000}
[info] 
[info] Visit this URL on this device to log in:
[info] https://accounts.google.com/o/oauth2/auth?client_id=563584335869-fgrhgmd47bqnekij5i8b5pr03ho849e6.apps.googleusercontent.com&scope=email%20openid%20https%3A%2F%2Fwww.googleapis.com%2Fauth%2Fcloudplatformprojects.readonly%20https%3A%2F%2Fwww.googleapis.com%2Fauth%2Ffirebase%20https%3A%2F%2Fwww.googleapis.com%2Fauth%2Fcloud-platform&response_type=code&state=150345156&redirect_uri=http%3A%2F%2Flocalhost%3A9005
[info] 
[info] Waiting for authentication...
[debug] [2025-03-23T04:47:53.636Z] >>> [apiv2][query] POST https://auth.firebase.tools/attest [none]
[debug] [2025-03-23T04:47:53.637Z] >>> [apiv2][body] POST https://auth.firebase.tools/attest {"session_id":"9b8f7417-9844-4c75-bfa6-2b07d1352b90"}
[debug] [2025-03-23T04:47:54.600Z] <<< [apiv2][status] POST https://auth.firebase.tools/attest 200
[debug] [2025-03-23T04:47:54.600Z] <<< [apiv2][body] POST https://auth.firebase.tools/attest {"token":"nDPPGskobx79NOQcazcCGMrmNbisQaftNbax_dXeNeM"}
[info] 
[info] To sign in to the Firebase CLI:
[info] 
[info] 1. Take note of your session ID:
[info] 
[info]    9B8F7
[info] 
[info] 2. Visit the URL below on any device and follow the instructions to get your code:
[info] 
[info]    https://auth.firebase.tools/login?code_challenge=HCQEpLlDaVFPf6htO-dn4sIVmZvDpZyDU-IH-j7B6dU&session=9b8f7417-9844-4c75-bfa6-2b07d1352b90&attest=nDPPGskobx79NOQcazcCGMrmNbisQaftNbax_dXeNeM
[info] 
[info] 3. Paste or enter the authorization code below once you have it:
[info] 
